<?xml version="1.0" encoding="UTF-8"?>
<!-- Generated by org.testng.reporters.JUnitReportReporter -->
<testsuite skipped="0" hostname="EN1410490" name="com.sorin.statuses.TwitterWorkflowTest" tests="3" failures="0" timestamp="22 Feb 2023 14:18:37 GMT" time="3.121" errors="0">
  <testcase name="postTweet" time="2.221" classname="com.sorin.statuses.TwitterWorkflowTest"/>
  <testcase name="readTweet" time="0.456" classname="com.sorin.statuses.TwitterWorkflowTest"/>
  <testcase name="deleteTweet" time="0.444" classname="com.sorin.statuses.TwitterWorkflowTest"/>
</testsuite> <!-- com.sorin.statuses.TwitterWorkflowTest -->
